马来西亚币
加拿大元
平方公里
新加坡元
立方分米
立方厘米
人民币
平方寸
平方尺
平方米
摄氏度
秘鲁币
立方米
荷兰盾
越南盾
半小时
半分钟
半年
半天
半个月
立方
世纪
纳秒
微秒
毫秒
飞秒
公升
公尺
公斤
公里
公顷
分米
分钟
加仑
千克
厘米
大卡
小时
市斤
平方
年级
微米
光年
日元
欧元
毫升
毫米
法郎
法都
泰铢
港元
港币
澳元
盎司
美元
美分
英寸
英尺
英里
英镑
课时
韩元
马克
积分
部分
块钱
月份
号线
%
％
°
㎡
丈
丝
两
个
串
些
亩
人
件
任
份
伏
伙
位
倍
元
克
册
分
列
剂
副
包
匝
升
卷
厘
双
叠
口
句
只
台
号
吊
名
吨
周
响
团
圈
场
块
坛
垛
堂
堆
墩
声
夜
天
头
套
孔
宗
家
寸
对
尊
尺
尾
层
届
岁
帖
帧
席
幅
幢
平
年
床
度
座
张
截
户
房
扇
手
扎
打
扣
批
把
抬
抱
拃
担
拨
拳
挂
挑
挺
捆
捧
掐
排
掬
提
握
搭
摊
摞
撇
撮
支
文
料
斤
方
时
曲
替
月
期
本
朵
杆
束
条
杯
枚
枝
架
柄
栋
株
样
根
桄
桌
档
桩
桶
梃
梭
棵
楼
榀
槽
歇
步
武
段
汪
沓
泓
泡
注
派
浔
湾
溜
滩
滴
炉
炷
点
煎
熟
爿
片
版
犋
环
班
瓣
瓦
瓶
畈
番
盆
盏
盒
盘
眉
眼
码
砣
碗
磴
票
种
秒
秩
窝
章
竿
笔
筒
筥
筹
管
箱
篇
簇
米
粒
索
累
緉
级
纸
线
组
绞
统
绺
综
缕
缗
缶
罗
美
群
耦
行
联
股
肩
脬
腔
般
艇
艘
节
茎
荮
莛
落
蓬
蔸
袋
袭
觉
角
记
贴
起
趟
身
躯
车
转
轮
载
辆
过
进
通
造
遍
道
遭
部
酲
里
重
钟
钱
铢
铺
锊
锤
锭
锱
门
间
阕
队
陌
陔
面
页
顶
顷
项
顿
领
颗
首
骑
日
厅
室
球
前
后
年来
季
点了
年前
年后
月前
月后
日前
日后
年初
年末
月初
月末
年内
月内
词
年间
月间
财季
字
强
向
人月
处
百
千
万
亿

